0 verbose cli /usr/local/bin/node /usr/local/bin/npm
1 info using npm@8.11.0
2 info using node@v16.16.0
3 timing npm:load:whichnode Completed in 0ms
4 timing config:load:defaults Completed in 1ms
5 timing config:load:file:/usr/local/lib/node_modules/npm/npmrc Completed in 9ms
6 timing config:load:builtin Completed in 9ms
7 warn config production Use `--omit=dev` instead.
8 timing config:load:cli Completed in 1ms
9 timing config:load:env Completed in 0ms
10 timing config:load:file:/data/.npmrc Completed in 0ms
11 timing config:load:project Completed in 1ms
12 timing config:load:file:/usr/src/node-red/.npmrc Completed in 0ms
13 timing config:load:user Completed in 0ms
14 timing config:load:file:/usr/local/etc/npmrc Completed in 0ms
15 timing config:load:global Completed in 0ms
16 timing config:load:validate Completed in 0ms
17 timing config:load:credentials Completed in 1ms
18 timing config:load:setEnvs Completed in 3ms
19 timing config:load Completed in 16ms
20 timing npm:load:configload Completed in 16ms
21 timing npm:load:mkdirpcache Completed in 0ms
22 timing npm:load:mkdirplogs Completed in 0ms
23 verbose title npm install node-red-node-email@1.18.4
24 verbose argv "install" "--no-audit" "--no-update-notifier" "--no-fund" "--save" "--save-prefix" "~" "--production" "--engine-strict" "node-red-node-email@1.18.4"
25 timing npm:load:setTitle Completed in 1ms
26 timing config:load:flatten Completed in 1ms
27 timing npm:load:display Completed in 2ms
28 verbose logfile logs-max:10 dir:/data/.npm/_logs
29 verbose logfile /data/.npm/_logs/2023-03-21T14_06_10_435Z-debug-0.log
30 timing npm:load:logFile Completed in 2ms
31 timing npm:load:timers Completed in 0ms
32 timing npm:load:configScope Completed in 0ms
33 timing npm:load Completed in 21ms
34 timing arborist:ctor Completed in 1ms
35 silly logfile done cleaning log files
36 timing idealTree:init Completed in 51ms
37 timing idealTree:userRequests Completed in 1ms
38 silly idealTree buildDeps
39 silly fetch manifest node-red-node-email@1.18.4
40 timing arborist:ctor Completed in 0ms
41 http fetch GET 200 https://registry.npmjs.org/node-red-node-email 1479ms (cache miss)
42 silly placeDep ROOT node-red-node-email@1.18.4 OK for: node-red-brew2@0.4.0 want: 1.18.4
43 timing idealTree:#root Completed in 1485ms
44 timing idealTree:node_modules/node-red-node-email Completed in 0ms
45 timing idealTree:buildDeps Completed in 1487ms
46 timing idealTree:fixDepFlags Completed in 1ms
47 timing idealTree Completed in 1543ms
48 timing reify:loadTrees Completed in 1543ms
49 timing reify:diffTrees Completed in 3ms
50 silly reify moves {}
51 timing reify:retireShallow Completed in 1ms
52 timing reify:createSparse Completed in 0ms
53 timing reify:trashOmits Completed in 3ms
54 silly tarball no local data for node-red-node-email@https://registry.npmjs.org/node-red-node-email/-/node-red-node-email-1.18.4.tgz. Extracting by manifest.
55 http fetch GET 200 https://registry.npmjs.org/node-red-node-email/-/node-red-node-email-1.18.4.tgz 1260ms (cache miss)
56 timing reifyNode:node_modules/node-red-node-email Completed in 1266ms
57 timing arborist:ctor Completed in 0ms
58 timing reify:diffTrees Completed in 1ms
59 timing reify:loadBundles Completed in 1301ms
60 timing reify:unpack Completed in 0ms
61 timing reify:unretire Completed in 0ms
62 timing build:queue Completed in 5ms
63 timing build:link:node_modules/node-red-node-email/node_modules/he Completed in 2ms
64 timing build:link:node_modules/node-red-node-email/node_modules/html-to-text Completed in 2ms
65 timing build:link:node_modules/node-red-node-email/node_modules/nearley Completed in 2ms
66 timing build:link:node_modules/node-red-node-email/node_modules/semver Completed in 2ms
67 timing build:link:node_modules/node-red-node-email/node_modules/tlds Completed in 1ms
68 timing build:link Completed in 2ms
69 timing build:deps Completed in 7ms
70 timing build Completed in 7ms
71 timing reify:build Completed in 7ms
72 timing reify:trash Completed in 0ms
73 timing reify:save Completed in 26ms
74 timing reify Completed in 2911ms
75 silly ADD node_modules/node-red-node-email
76 timing command:install Completed in 2912ms
77 verbose exit 0
78 timing npm Completed in 2958ms
79 info ok
