0 verbose cli /usr/local/bin/node /usr/local/bin/npm
1 info using npm@8.11.0
2 info using node@v16.16.0
3 timing npm:load:whichnode Completed in 0ms
4 timing config:load:defaults Completed in 1ms
5 timing config:load:file:/usr/local/lib/node_modules/npm/npmrc Completed in 23ms
6 timing config:load:builtin Completed in 23ms
7 warn config production Use `--omit=dev` instead.
8 timing config:load:cli Completed in 10ms
9 timing config:load:env Completed in 0ms
10 timing config:load:file:/data/.npmrc Completed in 0ms
11 timing config:load:project Completed in 1ms
12 timing config:load:file:/usr/src/node-red/.npmrc Completed in 0ms
13 timing config:load:user Completed in 0ms
14 timing config:load:file:/usr/local/etc/npmrc Completed in 1ms
15 timing config:load:global Completed in 1ms
16 timing config:load:validate Completed in 0ms
17 timing config:load:credentials Completed in 0ms
18 timing config:load:setEnvs Completed in 1ms
19 timing config:load Completed in 37ms
20 timing npm:load:configload Completed in 37ms
21 timing npm:load:mkdirpcache Completed in 3ms
22 timing npm:load:mkdirplogs Completed in 0ms
23 verbose title npm install node-red-contrib-postgresql@0.12.0
24 verbose argv "install" "--no-audit" "--no-update-notifier" "--no-fund" "--save" "--save-prefix" "~" "--production" "--engine-strict" "node-red-contrib-postgresql@0.12.0"
25 timing npm:load:setTitle Completed in 1ms
26 timing config:load:flatten Completed in 1ms
27 timing npm:load:display Completed in 1ms
28 verbose logfile logs-max:10 dir:/data/.npm/_logs
29 verbose logfile /data/.npm/_logs/2023-03-23T09_49_58_067Z-debug-0.log
30 timing npm:load:logFile Completed in 5ms
31 timing npm:load:timers Completed in 0ms
32 timing npm:load:configScope Completed in 0ms
33 timing npm:load Completed in 48ms
34 timing arborist:ctor Completed in 1ms
35 silly logfile start cleaning logs, removing 2 files
36 silly logfile done cleaning log files
37 timing idealTree:init Completed in 58ms
38 timing idealTree:userRequests Completed in 1ms
39 silly idealTree buildDeps
40 silly fetch manifest node-red-contrib-postgresql@0.12.0
41 timing arborist:ctor Completed in 0ms
42 http fetch GET 200 https://registry.npmjs.org/node-red-contrib-postgresql 879ms (cache miss)
43 silly placeDep ROOT node-red-contrib-postgresql@0.12.0 OK for: node-red-brew2@0.4.0 want: 0.12.0
44 silly fetch manifest mustache@^4.2.0
45 silly fetch manifest pg@^8.8.0
46 silly fetch manifest pg-cursor@^2.7.4
47 http fetch GET 200 https://registry.npmjs.org/mustache 59ms (cache miss)
48 http fetch GET 200 https://registry.npmjs.org/pg 104ms (cache miss)
49 http fetch GET 200 https://registry.npmjs.org/pg-cursor 738ms (cache miss)
50 timing idealTree:#root Completed in 1622ms
51 silly fetch manifest pg-native@>=3.0.1
52 http fetch GET 200 https://registry.npmjs.org/pg-native 723ms (cache miss)
53 silly placeDep ROOT mustache@4.2.0 OK for: node-red-contrib-postgresql@0.12.0 want: ^4.2.0
54 silly placeDep ROOT pg@8.10.0 OK for: node-red-contrib-postgresql@0.12.0 want: ^8.8.0
55 silly placeDep ROOT pg-cursor@2.9.0 OK for: node-red-contrib-postgresql@0.12.0 want: ^2.7.4
56 silly fetch manifest buffer-writer@2.0.0
57 silly fetch manifest packet-reader@1.0.0
58 silly fetch manifest pg-connection-string@^2.5.0
59 silly fetch manifest pg-pool@^3.6.0
60 silly fetch manifest pg-protocol@^1.6.0
61 silly fetch manifest pg-types@^2.1.0
62 silly fetch manifest pgpass@1.x
63 http fetch GET 200 https://registry.npmjs.org/pg-types 79ms (cache miss)
64 http fetch GET 200 https://registry.npmjs.org/pg-connection-string 81ms (cache miss)
65 http fetch GET 200 https://registry.npmjs.org/pgpass 83ms (cache miss)
66 http fetch GET 200 https://registry.npmjs.org/buffer-writer 734ms (cache miss)
67 http fetch GET 200 https://registry.npmjs.org/pg-pool 734ms (cache miss)
68 http fetch GET 200 https://registry.npmjs.org/packet-reader 736ms (cache miss)
69 http fetch GET 200 https://registry.npmjs.org/pg-protocol 735ms (cache miss)
70 timing idealTree:node_modules/node-red-contrib-postgresql Completed in 1463ms
71 timing idealTree:node_modules/mustache Completed in 0ms
72 silly fetch manifest pg@>=8.0
73 silly placeDep ROOT buffer-writer@2.0.0 OK for: pg@8.10.0 want: 2.0.0
74 silly placeDep ROOT packet-reader@1.0.0 OK for: pg@8.10.0 want: 1.0.0
75 silly placeDep ROOT pg-connection-string@2.5.0 OK for: pg@8.10.0 want: ^2.5.0
76 silly placeDep ROOT pg-pool@3.6.0 OK for: pg@8.10.0 want: ^3.6.0
77 silly placeDep ROOT pg-protocol@1.6.0 OK for: pg@8.10.0 want: ^1.6.0
78 silly placeDep ROOT pg-types@2.2.0 OK for: pg@8.10.0 want: ^2.1.0
79 silly placeDep ROOT pgpass@1.0.5 OK for: pg@8.10.0 want: 1.x
80 silly fetch manifest pg-int8@1.0.1
81 silly fetch manifest postgres-array@~2.0.0
82 silly fetch manifest postgres-bytea@~1.0.0
83 silly fetch manifest postgres-date@~1.0.4
84 silly fetch manifest postgres-interval@^1.1.0
85 silly fetch manifest split2@^4.1.0
86 http fetch GET 200 https://registry.npmjs.org/postgres-date 35ms (cache miss)
87 http fetch GET 200 https://registry.npmjs.org/split2 45ms (cache miss)
88 http fetch GET 200 https://registry.npmjs.org/postgres-bytea 45ms (cache miss)
89 http fetch GET 200 https://registry.npmjs.org/postgres-interval 202ms (cache miss)
90 http fetch GET 200 https://registry.npmjs.org/postgres-array 719ms (cache miss)
91 http fetch GET 200 https://registry.npmjs.org/pg-int8 720ms (cache miss)
92 timing idealTree:node_modules/pg Completed in 733ms
93 timing idealTree:node_modules/buffer-writer Completed in 0ms
94 timing idealTree:node_modules/packet-reader Completed in 0ms
95 timing idealTree:node_modules/pg-connection-string Completed in 0ms
96 timing idealTree:node_modules/pg-cursor Completed in 0ms
97 timing idealTree:node_modules/pg-pool Completed in 0ms
98 timing idealTree:node_modules/pg-protocol Completed in 0ms
99 silly placeDep ROOT pg-int8@1.0.1 OK for: pg-types@2.2.0 want: 1.0.1
100 silly placeDep ROOT postgres-array@2.0.0 OK for: pg-types@2.2.0 want: ~2.0.0
101 silly placeDep ROOT postgres-bytea@1.0.0 OK for: pg-types@2.2.0 want: ~1.0.0
102 silly placeDep ROOT postgres-date@1.0.7 OK for: pg-types@2.2.0 want: ~1.0.4
103 silly placeDep ROOT postgres-interval@1.2.0 OK for: pg-types@2.2.0 want: ^1.1.0
104 silly fetch manifest xtend@^4.0.0
105 http fetch GET 200 https://registry.npmjs.org/xtend 43ms (cache miss)
106 timing idealTree:node_modules/pg-types Completed in 46ms
107 timing idealTree:node_modules/pg-int8 Completed in 0ms
108 silly placeDep ROOT split2@4.1.0 OK for: pgpass@1.0.5 want: ^4.1.0
109 timing idealTree:node_modules/pgpass Completed in 1ms
110 timing idealTree:node_modules/postgres-array Completed in 0ms
111 timing idealTree:node_modules/postgres-bytea Completed in 0ms
112 timing idealTree:node_modules/postgres-date Completed in 0ms
113 silly placeDep ROOT xtend@4.0.2 OK for: postgres-interval@1.2.0 want: ^4.0.0
114 timing idealTree:node_modules/postgres-interval Completed in 0ms
115 timing idealTree:node_modules/split2 Completed in 0ms
116 timing idealTree:node_modules/xtend Completed in 0ms
117 timing idealTree:buildDeps Completed in 3866ms
118 timing idealTree:fixDepFlags Completed in 2ms
119 timing idealTree Completed in 3930ms
120 timing reify:loadTrees Completed in 3930ms
121 timing reify:diffTrees Completed in 21ms
122 silly reify moves {}
123 timing reify:retireShallow Completed in 0ms
124 timing reify:createSparse Completed in 2ms
125 timing reify:trashOmits Completed in 0ms
126 timing reify:loadBundles Completed in 0ms
127 silly tarball no local data for postgres-interval@https://registry.npmjs.org/postgres-interval/-/postgres-interval-1.2.0.tgz. Extracting by manifest.
128 silly tarball no local data for split2@https://registry.npmjs.org/split2/-/split2-4.1.0.tgz. Extracting by manifest.
129 silly tarball no local data for xtend@https://registry.npmjs.org/xtend/-/xtend-4.0.2.tgz. Extracting by manifest.
130 silly tarball no local data for postgres-date@https://registry.npmjs.org/postgres-date/-/postgres-date-1.0.7.tgz. Extracting by manifest.
131 silly tarball no local data for postgres-array@https://registry.npmjs.org/postgres-array/-/postgres-array-2.0.0.tgz. Extracting by manifest.
132 silly tarball no local data for postgres-bytea@https://registry.npmjs.org/postgres-bytea/-/postgres-bytea-1.0.0.tgz. Extracting by manifest.
133 silly tarball no local data for pg-int8@https://registry.npmjs.org/pg-int8/-/pg-int8-1.0.1.tgz. Extracting by manifest.
134 silly tarball no local data for pg-types@https://registry.npmjs.org/pg-types/-/pg-types-2.2.0.tgz. Extracting by manifest.
135 silly tarball no local data for pgpass@https://registry.npmjs.org/pgpass/-/pgpass-1.0.5.tgz. Extracting by manifest.
136 silly tarball no local data for pg-pool@https://registry.npmjs.org/pg-pool/-/pg-pool-3.6.0.tgz. Extracting by manifest.
137 silly tarball no local data for pg-protocol@https://registry.npmjs.org/pg-protocol/-/pg-protocol-1.6.0.tgz. Extracting by manifest.
138 silly tarball no local data for pg-cursor@https://registry.npmjs.org/pg-cursor/-/pg-cursor-2.9.0.tgz. Extracting by manifest.
139 silly tarball no local data for pg-connection-string@https://registry.npmjs.org/pg-connection-string/-/pg-connection-string-2.5.0.tgz. Extracting by manifest.
140 silly tarball no local data for buffer-writer@https://registry.npmjs.org/buffer-writer/-/buffer-writer-2.0.0.tgz. Extracting by manifest.
141 silly tarball no local data for packet-reader@https://registry.npmjs.org/packet-reader/-/packet-reader-1.0.0.tgz. Extracting by manifest.
142 silly tarball no local data for pg@https://registry.npmjs.org/pg/-/pg-8.10.0.tgz. Extracting by manifest.
143 silly tarball no local data for mustache@https://registry.npmjs.org/mustache/-/mustache-4.2.0.tgz. Extracting by manifest.
144 silly tarball no local data for node-red-contrib-postgresql@https://registry.npmjs.org/node-red-contrib-postgresql/-/node-red-contrib-postgresql-0.12.0.tgz. Extracting by manifest.
145 http fetch GET 200 https://registry.npmjs.org/postgres-bytea/-/postgres-bytea-1.0.0.tgz 116ms (cache miss)
146 timing reifyNode:node_modules/postgres-bytea Completed in 134ms
147 http fetch GET 200 https://registry.npmjs.org/postgres-array/-/postgres-array-2.0.0.tgz 118ms (cache miss)
148 timing reifyNode:node_modules/postgres-array Completed in 135ms
149 http fetch GET 200 https://registry.npmjs.org/split2/-/split2-4.1.0.tgz 126ms (cache miss)
150 timing reifyNode:node_modules/split2 Completed in 137ms
151 http fetch GET 200 https://registry.npmjs.org/postgres-date/-/postgres-date-1.0.7.tgz 123ms (cache miss)
152 timing reifyNode:node_modules/postgres-date Completed in 138ms
153 http fetch GET 200 https://registry.npmjs.org/pg-int8/-/pg-int8-1.0.1.tgz 119ms (cache miss)
154 timing reifyNode:node_modules/pg-int8 Completed in 139ms
155 http fetch GET 200 https://registry.npmjs.org/postgres-interval/-/postgres-interval-1.2.0.tgz 133ms (cache miss)
156 timing reifyNode:node_modules/postgres-interval Completed in 142ms
157 http fetch GET 200 https://registry.npmjs.org/xtend/-/xtend-4.0.2.tgz 130ms (cache miss)
158 timing reifyNode:node_modules/xtend Completed in 143ms
159 http fetch GET 200 https://registry.npmjs.org/pgpass/-/pgpass-1.0.5.tgz 148ms (cache miss)
160 timing reifyNode:node_modules/pgpass Completed in 180ms
161 http fetch GET 200 https://registry.npmjs.org/packet-reader/-/packet-reader-1.0.0.tgz 126ms (cache miss)
162 timing reifyNode:node_modules/packet-reader Completed in 181ms
163 http fetch GET 200 https://registry.npmjs.org/pg/-/pg-8.10.0.tgz 129ms (cache miss)
164 timing reifyNode:node_modules/pg Completed in 186ms
165 http fetch GET 200 https://registry.npmjs.org/buffer-writer/-/buffer-writer-2.0.0.tgz 133ms (cache miss)
166 timing reifyNode:node_modules/buffer-writer Completed in 187ms
167 http fetch GET 200 https://registry.npmjs.org/pg-connection-string/-/pg-connection-string-2.5.0.tgz 136ms (cache miss)
168 timing reifyNode:node_modules/pg-connection-string Completed in 188ms
169 http fetch GET 200 https://registry.npmjs.org/pg-cursor/-/pg-cursor-2.9.0.tgz 150ms (cache miss)
170 timing reifyNode:node_modules/pg-cursor Completed in 190ms
171 http fetch GET 200 https://registry.npmjs.org/pg-types/-/pg-types-2.2.0.tgz 191ms (cache miss)
172 timing reifyNode:node_modules/pg-types Completed in 214ms
173 http fetch GET 200 https://registry.npmjs.org/mustache/-/mustache-4.2.0.tgz 158ms (cache miss)
174 timing reifyNode:node_modules/mustache Completed in 216ms
175 http fetch GET 200 https://registry.npmjs.org/pg-pool/-/pg-pool-3.6.0.tgz 184ms (cache miss)
176 timing reifyNode:node_modules/pg-pool Completed in 218ms
177 http fetch GET 200 https://registry.npmjs.org/pg-protocol/-/pg-protocol-1.6.0.tgz 186ms (cache miss)
178 timing reifyNode:node_modules/pg-protocol Completed in 225ms
179 http fetch GET 200 https://registry.npmjs.org/node-red-contrib-postgresql/-/node-red-contrib-postgresql-0.12.0.tgz 407ms (cache miss)
180 timing reifyNode:node_modules/node-red-contrib-postgresql Completed in 474ms
181 timing reify:unpack Completed in 474ms
182 timing reify:unretire Completed in 0ms
183 timing build:queue Completed in 2ms
184 timing build:link:node_modules/mustache Completed in 1ms
185 timing build:link Completed in 1ms
186 timing build:deps Completed in 3ms
187 timing build Completed in 3ms
188 timing reify:build Completed in 3ms
189 timing reify:trash Completed in 0ms
190 timing reify:save Completed in 29ms
191 timing reify Completed in 4474ms
192 silly ADD node_modules/xtend
193 silly ADD node_modules/split2
194 silly ADD node_modules/postgres-interval
195 silly ADD node_modules/postgres-date
196 silly ADD node_modules/postgres-bytea
197 silly ADD node_modules/postgres-array
198 silly ADD node_modules/pg-int8
199 silly ADD node_modules/pgpass
200 silly ADD node_modules/pg-types
201 silly ADD node_modules/pg-protocol
202 silly ADD node_modules/pg-pool
203 silly ADD node_modules/pg-connection-string
204 silly ADD node_modules/packet-reader
205 silly ADD node_modules/buffer-writer
206 silly ADD node_modules/pg-cursor
207 silly ADD node_modules/pg
208 silly ADD node_modules/mustache
209 silly ADD node_modules/node-red-contrib-postgresql
210 timing command:install Completed in 4476ms
211 verbose exit 0
212 timing npm Completed in 4575ms
213 info ok
