0 verbose cli /usr/local/bin/node /usr/local/bin/npm
1 info using npm@8.11.0
2 info using node@v16.16.0
3 timing npm:load:whichnode Completed in 0ms
4 timing config:load:defaults Completed in 0ms
5 timing config:load:file:/usr/local/lib/node_modules/npm/npmrc Completed in 10ms
6 timing config:load:builtin Completed in 10ms
7 warn config production Use `--omit=dev` instead.
8 timing config:load:cli Completed in 1ms
9 timing config:load:env Completed in 0ms
10 timing config:load:file:/data/.npmrc Completed in 0ms
11 timing config:load:project Completed in 5ms
12 timing config:load:file:/usr/src/node-red/.npmrc Completed in 0ms
13 timing config:load:user Completed in 0ms
14 timing config:load:file:/usr/local/etc/npmrc Completed in 5ms
15 timing config:load:global Completed in 5ms
16 timing config:load:validate Completed in 0ms
17 timing config:load:credentials Completed in 0ms
18 timing config:load:setEnvs Completed in 3ms
19 timing config:load Completed in 25ms
20 timing npm:load:configload Completed in 26ms
21 timing npm:load:mkdirpcache Completed in 4ms
22 timing npm:load:mkdirplogs Completed in 4ms
23 verbose title npm install node-red-contrib-google-action@1.2.1
24 verbose argv "install" "--no-audit" "--no-update-notifier" "--no-fund" "--save" "--save-prefix" "~" "--production" "--engine-strict" "node-red-contrib-google-action@1.2.1"
25 timing npm:load:setTitle Completed in 1ms
26 timing config:load:flatten Completed in 1ms
27 timing npm:load:display Completed in 2ms
28 verbose logfile logs-max:10 dir:/data/.npm/_logs
29 verbose logfile /data/.npm/_logs/2023-03-21T10_50_51_317Z-debug-0.log
30 timing npm:load:logFile Completed in 3ms
31 timing npm:load:timers Completed in 0ms
32 timing npm:load:configScope Completed in 0ms
33 timing npm:load Completed in 40ms
34 timing arborist:ctor Completed in 1ms
35 silly logfile done cleaning log files
36 timing arborist:ctor Completed in 0ms
37 timing idealTree:init Completed in 9ms
38 timing idealTree:userRequests Completed in 2ms
39 silly idealTree buildDeps
40 silly fetch manifest node-red-contrib-google-action@1.2.1
41 http fetch GET 200 https://registry.npmjs.org/node-red-contrib-google-action 936ms (cache miss)
42 silly placeDep ROOT node-red-contrib-google-action@1.2.1 OK for: node-red-project@0.0.1 want: 1.2.1
43 silly fetch manifest actions-on-google@^1.11.0
44 silly fetch manifest body-parser@^1.18.3
45 silly fetch manifest express@^4.16.3
46 http fetch GET 200 https://registry.npmjs.org/body-parser 94ms (cache miss)
47 http fetch GET 200 https://registry.npmjs.org/express 125ms (cache miss)
48 http fetch GET 200 https://registry.npmjs.org/actions-on-google 819ms (cache miss)
49 timing idealTree:#root Completed in 1763ms
50 silly placeDep ROOT actions-on-google@1.11.0 OK for: node-red-contrib-google-action@1.2.1 want: ^1.11.0
51 silly placeDep ROOT body-parser@1.20.2 OK for: node-red-contrib-google-action@1.2.1 want: ^1.18.3
52 silly placeDep ROOT express@4.18.2 OK for: node-red-contrib-google-action@1.2.1 want: ^4.16.3
53 silly fetch manifest debug@^2.2.0
54 silly fetch manifest google-auth-library@^1.0.0
55 silly fetch manifest lodash.camelcase@^4.3.0
56 silly fetch manifest lodash.snakecase@^4.1.1
57 silly fetch manifest bytes@3.1.2
58 silly fetch manifest content-type@~1.0.5
59 silly fetch manifest debug@2.6.9
60 silly fetch manifest depd@2.0.0
61 silly fetch manifest destroy@1.2.0
62 silly fetch manifest http-errors@2.0.0
63 silly fetch manifest iconv-lite@0.4.24
64 silly fetch manifest on-finished@2.4.1
65 silly fetch manifest qs@6.11.0
66 silly fetch manifest raw-body@2.5.2
67 silly fetch manifest type-is@~1.6.18
68 silly fetch manifest unpipe@1.0.0
69 silly fetch manifest accepts@~1.3.8
70 silly fetch manifest array-flatten@1.1.1
71 silly fetch manifest body-parser@1.20.1
72 silly fetch manifest content-disposition@0.5.4
73 silly fetch manifest content-type@~1.0.4
74 silly fetch manifest cookie@0.5.0
75 silly fetch manifest cookie-signature@1.0.6
76 silly fetch manifest encodeurl@~1.0.2
77 silly fetch manifest escape-html@~1.0.3
78 silly fetch manifest etag@~1.8.1
79 silly fetch manifest finalhandler@1.2.0
80 silly fetch manifest fresh@0.5.2
81 silly fetch manifest merge-descriptors@1.0.1
82 silly fetch manifest methods@~1.1.2
83 silly fetch manifest parseurl@~1.3.3
84 silly fetch manifest path-to-regexp@0.1.7
85 silly fetch manifest proxy-addr@~2.0.7
86 silly fetch manifest range-parser@~1.2.1
87 silly fetch manifest safe-buffer@5.2.1
88 silly fetch manifest send@0.18.0
89 silly fetch manifest serve-static@1.15.0
90 silly fetch manifest setprototypeof@1.2.0
91 silly fetch manifest statuses@2.0.1
92 silly fetch manifest utils-merge@1.0.1
93 silly fetch manifest vary@~1.1.2
94 http fetch GET 200 https://registry.npmjs.org/lodash.camelcase 67ms (cache miss)
95 http fetch GET 200 https://registry.npmjs.org/debug 100ms (cache miss)
96 http fetch GET 200 https://registry.npmjs.org/content-type 102ms (cache miss)
97 http fetch GET 200 https://registry.npmjs.org/destroy 101ms (cache miss)
98 http fetch GET 200 https://registry.npmjs.org/unpipe 110ms (cache miss)
99 http fetch GET 200 https://registry.npmjs.org/http-errors 113ms (cache miss)
100 http fetch GET 200 https://registry.npmjs.org/bytes 118ms (cache miss)
101 http fetch GET 200 https://registry.npmjs.org/iconv-lite 122ms (cache miss)
102 http fetch GET 200 https://registry.npmjs.org/debug 125ms (cache miss)
103 http fetch GET 200 https://registry.npmjs.org/on-finished 138ms (cache miss)
104 http fetch GET 200 https://registry.npmjs.org/raw-body 138ms (cache miss)
105 http fetch GET 200 https://registry.npmjs.org/qs 140ms (cache miss)
106 http fetch GET 200 https://registry.npmjs.org/content-disposition 140ms (cache miss)
107 http fetch GET 200 https://registry.npmjs.org/type-is 146ms (cache miss)
108 http fetch GET 200 https://registry.npmjs.org/accepts 147ms (cache miss)
109 http fetch GET 200 https://registry.npmjs.org/array-flatten 147ms (cache miss)
110 http fetch GET 200 https://registry.npmjs.org/depd 154ms (cache miss)
111 http fetch GET 200 https://registry.npmjs.org/encodeurl 150ms (cache miss)
112 http fetch GET 200 https://registry.npmjs.org/escape-html 147ms (cache miss)
113 http fetch GET 200 https://registry.npmjs.org/cookie-signature 154ms (cache miss)
114 http fetch GET 200 https://registry.npmjs.org/finalhandler 162ms (cache miss)
115 http fetch GET 200 https://registry.npmjs.org/merge-descriptors 170ms (cache miss)
116 http fetch GET 200 https://registry.npmjs.org/etag 171ms (cache miss)
117 http fetch GET 200 https://registry.npmjs.org/setprototypeof 633ms (cache miss)
118 http fetch GET 200 https://registry.npmjs.org/statuses 637ms (cache miss)
119 http fetch GET 200 https://registry.npmjs.org/vary 680ms (cache miss)
120 http fetch GET 200 https://registry.npmjs.org/utils-merge 680ms (cache miss)
121 http fetch GET 200 https://registry.npmjs.org/google-auth-library 778ms (cache miss)
122 http fetch GET 200 https://registry.npmjs.org/lodash.snakecase 816ms (cache miss)
123 http fetch GET 200 https://registry.npmjs.org/content-type 888ms (cache miss)
124 http fetch GET 200 https://registry.npmjs.org/methods 901ms (cache miss)
125 http fetch GET 200 https://registry.npmjs.org/safe-buffer 903ms (cache miss)
126 http fetch GET 200 https://registry.npmjs.org/proxy-addr 912ms (cache miss)
127 http fetch GET 200 https://registry.npmjs.org/path-to-regexp 939ms (cache miss)
128 http fetch GET 200 https://registry.npmjs.org/serve-static 943ms (cache miss)
129 http fetch GET 200 https://registry.npmjs.org/range-parser 998ms (cache miss)
130 http fetch GET 200 https://registry.npmjs.org/parseurl 1006ms (cache miss)
131 http fetch GET 200 https://registry.npmjs.org/send 1037ms (cache miss)
132 http fetch GET 200 https://registry.npmjs.org/fresh 1093ms (cache miss)
133 http fetch GET 200 https://registry.npmjs.org/cookie 1120ms (cache miss)
134 timing idealTree:node_modules/node-red-contrib-google-action Completed in 1131ms
135 silly placeDep ROOT debug@2.6.9 OK for: actions-on-google@1.11.0 want: ^2.2.0
136 silly placeDep ROOT google-auth-library@1.6.1 OK for: actions-on-google@1.11.0 want: ^1.0.0
137 silly placeDep ROOT lodash.camelcase@4.3.0 OK for: actions-on-google@1.11.0 want: ^4.3.0
138 silly placeDep ROOT lodash.snakecase@4.1.1 OK for: actions-on-google@1.11.0 want: ^4.1.1
139 silly fetch manifest ms@2.0.0
140 silly fetch manifest axios@^0.18.0
141 silly fetch manifest gtoken@^2.3.0
142 silly fetch manifest jws@^3.1.5
143 silly fetch manifest lodash.isstring@^4.0.1
144 silly fetch manifest lru-cache@^4.1.3
145 silly fetch manifest retry-axios@^0.3.2
146 silly fetch manifest gcp-metadata@^0.6.3
147 http fetch GET 200 https://registry.npmjs.org/jws 60ms (cache miss)
148 http fetch GET 200 https://registry.npmjs.org/lodash.isstring 81ms (cache miss)
149 http fetch GET 200 https://registry.npmjs.org/ms 98ms (cache miss)
150 http fetch GET 200 https://registry.npmjs.org/gtoken 97ms (cache miss)
151 http fetch GET 200 https://registry.npmjs.org/retry-axios 94ms (cache miss)
152 http fetch GET 200 https://registry.npmjs.org/axios 113ms (cache miss)
153 http fetch GET 200 https://registry.npmjs.org/lru-cache 124ms (cache miss)
154 http fetch GET 200 https://registry.npmjs.org/gcp-metadata 272ms (cache miss)
155 timing idealTree:node_modules/actions-on-google Completed in 290ms
156 silly placeDep ROOT bytes@3.1.2 OK for: body-parser@1.20.2 want: 3.1.2
157 silly placeDep ROOT content-type@1.0.5 OK for: body-parser@1.20.2 want: ~1.0.5
158 silly placeDep ROOT depd@2.0.0 OK for: body-parser@1.20.2 want: 2.0.0
159 silly placeDep ROOT destroy@1.2.0 OK for: body-parser@1.20.2 want: 1.2.0
160 silly placeDep ROOT http-errors@2.0.0 OK for: body-parser@1.20.2 want: 2.0.0
161 silly placeDep ROOT iconv-lite@0.4.24 OK for: body-parser@1.20.2 want: 0.4.24
162 silly placeDep ROOT on-finished@2.4.1 OK for: body-parser@1.20.2 want: 2.4.1
163 silly placeDep ROOT qs@6.11.0 OK for: body-parser@1.20.2 want: 6.11.0
164 silly placeDep ROOT raw-body@2.5.2 OK for: body-parser@1.20.2 want: 2.5.2
165 silly placeDep ROOT type-is@1.6.18 OK for: body-parser@1.20.2 want: ~1.6.18
166 silly placeDep ROOT unpipe@1.0.0 OK for: body-parser@1.20.2 want: 1.0.0
167 silly fetch manifest inherits@2.0.4
168 silly fetch manifest toidentifier@1.0.1
169 silly fetch manifest safer-buffer@>= 2.1.2 < 3
170 silly fetch manifest ee-first@1.1.1
171 silly fetch manifest side-channel@^1.0.4
172 silly fetch manifest media-typer@0.3.0
173 silly fetch manifest mime-types@~2.1.24
174 http fetch GET 200 https://registry.npmjs.org/toidentifier 46ms (cache miss)
175 http fetch GET 200 https://registry.npmjs.org/ee-first 320ms (cache miss)
176 http fetch GET 200 https://registry.npmjs.org/media-typer 331ms (cache miss)
177 http fetch GET 200 https://registry.npmjs.org/inherits 418ms (cache miss)
178 http fetch GET 200 https://registry.npmjs.org/mime-types 437ms (cache miss)
179 http fetch GET 200 https://registry.npmjs.org/safer-buffer 714ms (cache miss)
180 http fetch GET 200 https://registry.npmjs.org/side-channel 746ms (cache miss)
181 timing idealTree:node_modules/body-parser Completed in 754ms
182 timing idealTree:node_modules/bytes Completed in 0ms
183 timing idealTree:node_modules/content-type Completed in 0ms
184 silly placeDep ROOT ms@2.0.0 OK for: debug@2.6.9 want: 2.0.0
185 timing idealTree:node_modules/debug Completed in 1ms
186 timing idealTree:node_modules/depd Completed in 0ms
187 timing idealTree:node_modules/destroy Completed in 0ms
188 silly placeDep ROOT accepts@1.3.8 OK for: express@4.18.2 want: ~1.3.8
189 silly placeDep ROOT array-flatten@1.1.1 OK for: express@4.18.2 want: 1.1.1
190 silly placeDep node_modules/express body-parser@1.20.1 OK for: express@4.18.2 want: 1.20.1
191 silly placeDep ROOT content-disposition@0.5.4 OK for: express@4.18.2 want: 0.5.4
192 silly placeDep ROOT cookie@0.5.0 OK for: express@4.18.2 want: 0.5.0
193 silly placeDep ROOT cookie-signature@1.0.6 OK for: express@4.18.2 want: 1.0.6
194 silly placeDep ROOT encodeurl@1.0.2 OK for: express@4.18.2 want: ~1.0.2
195 silly placeDep ROOT escape-html@1.0.3 OK for: express@4.18.2 want: ~1.0.3
196 silly placeDep ROOT etag@1.8.1 OK for: express@4.18.2 want: ~1.8.1
197 silly placeDep ROOT finalhandler@1.2.0 OK for: express@4.18.2 want: 1.2.0
198 silly placeDep ROOT fresh@0.5.2 OK for: express@4.18.2 want: 0.5.2
199 silly placeDep ROOT merge-descriptors@1.0.1 OK for: express@4.18.2 want: 1.0.1
200 silly placeDep ROOT methods@1.1.2 OK for: express@4.18.2 want: ~1.1.2
201 silly placeDep ROOT parseurl@1.3.3 OK for: express@4.18.2 want: ~1.3.3
202 silly placeDep ROOT path-to-regexp@0.1.7 OK for: express@4.18.2 want: 0.1.7
203 silly placeDep ROOT proxy-addr@2.0.7 OK for: express@4.18.2 want: ~2.0.7
204 silly placeDep ROOT range-parser@1.2.1 OK for: express@4.18.2 want: ~1.2.1
205 silly placeDep ROOT safe-buffer@5.2.1 OK for: express@4.18.2 want: 5.2.1
206 silly placeDep ROOT send@0.18.0 OK for: express@4.18.2 want: 0.18.0
207 silly placeDep ROOT serve-static@1.15.0 OK for: express@4.18.2 want: 1.15.0
208 silly placeDep ROOT setprototypeof@1.2.0 OK for: express@4.18.2 want: 1.2.0
209 silly placeDep ROOT statuses@2.0.1 OK for: express@4.18.2 want: 2.0.1
210 silly placeDep ROOT utils-merge@1.0.1 OK for: express@4.18.2 want: 1.0.1
211 silly placeDep ROOT vary@1.1.2 OK for: express@4.18.2 want: ~1.1.2
212 silly fetch manifest mime-types@~2.1.34
213 silly fetch manifest negotiator@0.6.3
214 silly fetch manifest raw-body@2.5.1
215 silly fetch manifest forwarded@0.2.0
216 silly fetch manifest ipaddr.js@1.9.1
217 silly fetch manifest mime@1.6.0
218 silly fetch manifest ms@2.1.3
219 http fetch GET 200 https://registry.npmjs.org/forwarded 58ms (cache miss)
220 http fetch GET 200 https://registry.npmjs.org/ipaddr.js 58ms (cache miss)
221 http fetch GET 200 https://registry.npmjs.org/negotiator 64ms (cache miss)
222 http fetch GET 200 https://registry.npmjs.org/mime 66ms (cache miss)
223 timing idealTree:node_modules/express Completed in 94ms
224 silly placeDep ROOT mime-types@2.1.35 OK for: accepts@1.3.8 want: ~2.1.34
225 silly placeDep ROOT negotiator@0.6.3 OK for: accepts@1.3.8 want: 0.6.3
226 silly fetch manifest mime-db@1.52.0
227 http fetch GET 200 https://registry.npmjs.org/mime-db 45ms (cache miss)
228 timing idealTree:node_modules/accepts Completed in 47ms
229 timing idealTree:node_modules/array-flatten Completed in 0ms
230 timing idealTree:node_modules/content-disposition Completed in 0ms
231 timing idealTree:node_modules/cookie Completed in 0ms
232 timing idealTree:node_modules/cookie-signature Completed in 0ms
233 timing idealTree:node_modules/encodeurl Completed in 0ms
234 timing idealTree:node_modules/escape-html Completed in 0ms
235 timing idealTree:node_modules/etag Completed in 0ms
236 timing idealTree:node_modules/finalhandler Completed in 0ms
237 timing idealTree:node_modules/fresh Completed in 0ms
238 silly placeDep ROOT axios@0.18.1 OK for: google-auth-library@1.6.1 want: ^0.18.0
239 silly placeDep ROOT gcp-metadata@0.6.3 OK for: google-auth-library@1.6.1 want: ^0.6.3
240 silly placeDep ROOT gtoken@2.3.3 OK for: google-auth-library@1.6.1 want: ^2.3.0
241 silly placeDep ROOT jws@3.2.2 OK for: google-auth-library@1.6.1 want: ^3.1.5
242 silly placeDep ROOT lodash.isstring@4.0.1 OK for: google-auth-library@1.6.1 want: ^4.0.1
243 silly placeDep ROOT lru-cache@4.1.5 OK for: google-auth-library@1.6.1 want: ^4.1.3
244 silly placeDep ROOT retry-axios@0.3.2 OK for: google-auth-library@1.6.1 want: ^0.3.2
245 silly fetch manifest follow-redirects@1.5.10
246 silly fetch manifest is-buffer@^2.0.2
247 silly fetch manifest extend@^3.0.1
248 silly fetch manifest gaxios@^1.0.4
249 silly fetch manifest google-p12-pem@^1.0.0
250 silly fetch manifest mime@^2.2.0
251 silly fetch manifest pify@^4.0.0
252 silly fetch manifest jwa@^1.4.1
253 silly fetch manifest pseudomap@^1.0.2
254 silly fetch manifest yallist@^2.1.2
255 http fetch GET 200 https://registry.npmjs.org/extend 39ms (cache miss)
256 http fetch GET 200 https://registry.npmjs.org/follow-redirects 49ms (cache miss)
257 http fetch GET 200 https://registry.npmjs.org/pify 55ms (cache miss)
258 http fetch GET 200 https://registry.npmjs.org/jwa 72ms (cache miss)
259 http fetch GET 200 https://registry.npmjs.org/pseudomap 73ms (cache miss)
260 http fetch GET 200 https://registry.npmjs.org/yallist 89ms (cache miss)
261 http fetch GET 200 https://registry.npmjs.org/gaxios 285ms (cache miss)
262 http fetch GET 200 https://registry.npmjs.org/is-buffer 830ms (cache miss)
263 http fetch GET 200 https://registry.npmjs.org/google-p12-pem 831ms (cache miss)
264 timing idealTree:node_modules/google-auth-library Completed in 842ms
265 silly placeDep ROOT follow-redirects@1.5.10 OK for: axios@0.18.1 want: 1.5.10
266 silly placeDep ROOT is-buffer@2.0.5 OK for: axios@0.18.1 want: ^2.0.2
267 silly fetch manifest debug@=3.1.0
268 timing idealTree:node_modules/axios Completed in 1ms
269 silly placeDep node_modules/follow-redirects debug@3.1.0 OK for: follow-redirects@1.5.10 want: =3.1.0
270 timing idealTree:node_modules/follow-redirects Completed in 1ms
271 silly placeDep ROOT extend@3.0.2 OK for: gcp-metadata@0.6.3 want: ^3.0.1
272 timing idealTree:node_modules/gcp-metadata Completed in 0ms
273 timing idealTree:node_modules/extend Completed in 0ms
274 silly placeDep ROOT gaxios@1.8.4 OK for: gtoken@2.3.3 want: ^1.0.4
275 silly placeDep ROOT google-p12-pem@1.0.5 OK for: gtoken@2.3.3 want: ^1.0.0
276 silly placeDep ROOT mime@2.6.0 OK for: gtoken@2.3.3 want: ^2.2.0
277 silly placeDep ROOT pify@4.0.1 OK for: gtoken@2.3.3 want: ^4.0.0
278 silly fetch manifest abort-controller@^3.0.0
279 silly fetch manifest https-proxy-agent@^2.2.1
280 silly fetch manifest node-fetch@^2.3.0
281 silly fetch manifest node-forge@^0.10.0
282 http fetch GET 200 https://registry.npmjs.org/abort-controller 36ms (cache miss)
283 http fetch GET 200 https://registry.npmjs.org/https-proxy-agent 71ms (cache miss)
284 http fetch GET 200 https://registry.npmjs.org/node-forge 76ms (cache miss)
285 http fetch GET 200 https://registry.npmjs.org/node-fetch 93ms (cache miss)
286 timing idealTree:node_modules/gtoken Completed in 98ms
287 silly fetch manifest encoding@^0.1.0
288 http fetch GET 200 https://registry.npmjs.org/encoding 52ms (cache miss)
289 silly placeDep ROOT abort-controller@3.0.0 OK for: gaxios@1.8.4 want: ^3.0.0
290 silly placeDep ROOT https-proxy-agent@2.2.4 OK for: gaxios@1.8.4 want: ^2.2.1
291 silly placeDep ROOT node-fetch@2.6.9 OK for: gaxios@1.8.4 want: ^2.3.0
292 silly fetch manifest event-target-shim@^5.0.0
293 silly fetch manifest agent-base@^4.3.0
294 silly fetch manifest debug@^3.1.0
295 silly fetch manifest whatwg-url@^5.0.0
296 http fetch GET 200 https://registry.npmjs.org/agent-base 58ms (cache miss)
297 http fetch GET 200 https://registry.npmjs.org/whatwg-url 83ms (cache miss)
298 http fetch GET 200 https://registry.npmjs.org/event-target-shim 226ms (cache miss)
299 timing idealTree:node_modules/gaxios Completed in 281ms
300 silly placeDep ROOT event-target-shim@5.0.1 OK for: abort-controller@3.0.0 want: ^5.0.0
301 timing idealTree:node_modules/abort-controller Completed in 0ms
302 timing idealTree:node_modules/event-target-shim Completed in 0ms
303 silly placeDep ROOT node-forge@0.10.0 OK for: google-p12-pem@1.0.5 want: ^0.10.0
304 timing idealTree:node_modules/google-p12-pem Completed in 1ms
305 silly placeDep ROOT inherits@2.0.4 OK for: http-errors@2.0.0 want: 2.0.4
306 silly placeDep ROOT toidentifier@1.0.1 OK for: http-errors@2.0.0 want: 1.0.1
307 timing idealTree:node_modules/http-errors Completed in 2ms
308 silly placeDep ROOT agent-base@4.3.0 OK for: https-proxy-agent@2.2.4 want: ^4.3.0
309 silly placeDep node_modules/https-proxy-agent debug@3.2.7 OK for: https-proxy-agent@2.2.4 want: ^3.1.0
310 silly fetch manifest es6-promisify@^5.0.0
311 silly fetch manifest ms@^2.1.1
312 http fetch GET 200 https://registry.npmjs.org/es6-promisify 321ms (cache miss)
313 timing idealTree:node_modules/https-proxy-agent Completed in 329ms
314 silly placeDep ROOT es6-promisify@5.0.0 OK for: agent-base@4.3.0 want: ^5.0.0
315 silly fetch manifest es6-promise@^4.0.3
316 http fetch GET 200 https://registry.npmjs.org/es6-promise 63ms (cache miss)
317 timing idealTree:node_modules/agent-base Completed in 65ms
318 silly placeDep ROOT es6-promise@4.2.8 OK for: es6-promisify@5.0.0 want: ^4.0.3
319 timing idealTree:node_modules/es6-promisify Completed in 0ms
320 timing idealTree:node_modules/es6-promise Completed in 0ms
321 silly placeDep ROOT safer-buffer@2.1.2 OK for: iconv-lite@0.4.24 want: >= 2.1.2 < 3
322 timing idealTree:node_modules/iconv-lite Completed in 1ms
323 timing idealTree:node_modules/inherits Completed in 0ms
324 timing idealTree:node_modules/is-buffer Completed in 0ms
325 silly placeDep ROOT jwa@1.4.1 OK for: jws@3.2.2 want: ^1.4.1
326 silly fetch manifest buffer-equal-constant-time@1.0.1
327 silly fetch manifest ecdsa-sig-formatter@1.0.11
328 http fetch GET 200 https://registry.npmjs.org/ecdsa-sig-formatter 42ms (cache miss)
329 http fetch GET 200 https://registry.npmjs.org/buffer-equal-constant-time 746ms (cache miss)
330 timing idealTree:node_modules/jws Completed in 750ms
331 silly placeDep ROOT buffer-equal-constant-time@1.0.1 OK for: jwa@1.4.1 want: 1.0.1
332 silly placeDep ROOT ecdsa-sig-formatter@1.0.11 OK for: jwa@1.4.1 want: 1.0.11
333 timing idealTree:node_modules/jwa Completed in 4ms
334 timing idealTree:node_modules/buffer-equal-constant-time Completed in 0ms
335 timing idealTree:node_modules/ecdsa-sig-formatter Completed in 0ms
336 timing idealTree:node_modules/lodash.camelcase Completed in 0ms
337 timing idealTree:node_modules/lodash.isstring Completed in 0ms
338 timing idealTree:node_modules/lodash.snakecase Completed in 0ms
339 silly placeDep ROOT pseudomap@1.0.2 OK for: lru-cache@4.1.5 want: ^1.0.2
340 silly placeDep ROOT yallist@2.1.2 OK for: lru-cache@4.1.5 want: ^2.1.2
341 timing idealTree:node_modules/lru-cache Completed in 6ms
342 timing idealTree:node_modules/merge-descriptors Completed in 0ms
343 timing idealTree:node_modules/methods Completed in 0ms
344 timing idealTree:node_modules/mime Completed in 0ms
345 silly placeDep ROOT mime-db@1.52.0 OK for: mime-types@2.1.35 want: 1.52.0
346 timing idealTree:node_modules/mime-types Completed in 0ms
347 timing idealTree:node_modules/mime-db Completed in 0ms
348 timing idealTree:node_modules/ms Completed in 0ms
349 timing idealTree:node_modules/negotiator Completed in 0ms
350 silly placeDep ROOT whatwg-url@5.0.0 OK for: node-fetch@2.6.9 want: ^5.0.0
351 silly fetch manifest tr46@~0.0.3
352 silly fetch manifest webidl-conversions@^3.0.0
353 http fetch GET 200 https://registry.npmjs.org/tr46 50ms (cache miss)
354 http fetch GET 200 https://registry.npmjs.org/webidl-conversions 75ms (cache miss)
355 timing idealTree:node_modules/node-fetch Completed in 79ms
356 timing idealTree:node_modules/node-forge Completed in 0ms
357 silly placeDep ROOT ee-first@1.1.1 OK for: on-finished@2.4.1 want: 1.1.1
358 timing idealTree:node_modules/on-finished Completed in 1ms
359 timing idealTree:node_modules/ee-first Completed in 0ms
360 timing idealTree:node_modules/parseurl Completed in 0ms
361 timing idealTree:node_modules/path-to-regexp Completed in 0ms
362 timing idealTree:node_modules/pify Completed in 0ms
363 silly placeDep ROOT forwarded@0.2.0 OK for: proxy-addr@2.0.7 want: 0.2.0
364 silly placeDep ROOT ipaddr.js@1.9.1 OK for: proxy-addr@2.0.7 want: 1.9.1
365 timing idealTree:node_modules/proxy-addr Completed in 0ms
366 timing idealTree:node_modules/forwarded Completed in 0ms
367 timing idealTree:node_modules/ipaddr.js Completed in 0ms
368 timing idealTree:node_modules/pseudomap Completed in 0ms
369 silly placeDep ROOT side-channel@1.0.4 OK for: qs@6.11.0 want: ^1.0.4
370 silly fetch manifest call-bind@^1.0.0
371 silly fetch manifest get-intrinsic@^1.0.2
372 silly fetch manifest object-inspect@^1.9.0
373 http fetch GET 200 https://registry.npmjs.org/object-inspect 44ms (cache miss)
374 http fetch GET 200 https://registry.npmjs.org/call-bind 57ms (cache miss)
375 http fetch GET 200 https://registry.npmjs.org/get-intrinsic 72ms (cache miss)
376 timing idealTree:node_modules/qs Completed in 75ms
377 timing idealTree:node_modules/range-parser Completed in 0ms
378 timing idealTree:node_modules/raw-body Completed in 0ms
379 timing idealTree:node_modules/retry-axios Completed in 0ms
380 timing idealTree:node_modules/safe-buffer Completed in 0ms
381 timing idealTree:node_modules/safer-buffer Completed in 0ms
382 silly placeDep node_modules/send mime@1.6.0 OK for: send@0.18.0 want: 1.6.0
383 silly placeDep node_modules/send ms@2.1.3 OK for: send@0.18.0 want: 2.1.3
384 timing idealTree:node_modules/send Completed in 1ms
385 timing idealTree:node_modules/serve-static Completed in 0ms
386 timing idealTree:node_modules/setprototypeof Completed in 0ms
387 silly placeDep ROOT call-bind@1.0.2 OK for: side-channel@1.0.4 want: ^1.0.0
388 silly placeDep ROOT get-intrinsic@1.2.0 OK for: side-channel@1.0.4 want: ^1.0.2
389 silly placeDep ROOT object-inspect@1.12.3 OK for: side-channel@1.0.4 want: ^1.9.0
390 silly fetch manifest function-bind@^1.1.1
391 silly fetch manifest has@^1.0.3
392 silly fetch manifest has-symbols@^1.0.3
393 http fetch GET 200 https://registry.npmjs.org/has 47ms (cache miss)
394 http fetch GET 200 https://registry.npmjs.org/has-symbols 47ms (cache miss)
395 http fetch GET 200 https://registry.npmjs.org/function-bind 63ms (cache miss)
396 timing idealTree:node_modules/side-channel Completed in 66ms
397 silly placeDep ROOT function-bind@1.1.1 OK for: call-bind@1.0.2 want: ^1.1.1
398 timing idealTree:node_modules/call-bind Completed in 1ms
399 timing idealTree:node_modules/function-bind Completed in 0ms
400 silly placeDep ROOT has@1.0.3 OK for: get-intrinsic@1.2.0 want: ^1.0.3
401 silly placeDep ROOT has-symbols@1.0.3 OK for: get-intrinsic@1.2.0 want: ^1.0.3
402 timing idealTree:node_modules/get-intrinsic Completed in 1ms
403 timing idealTree:node_modules/has Completed in 0ms
404 timing idealTree:node_modules/has-symbols Completed in 0ms
405 timing idealTree:node_modules/object-inspect Completed in 0ms
406 timing idealTree:node_modules/statuses Completed in 0ms
407 timing idealTree:node_modules/toidentifier Completed in 0ms
408 silly placeDep ROOT media-typer@0.3.0 OK for: type-is@1.6.18 want: 0.3.0
409 timing idealTree:node_modules/type-is Completed in 0ms
410 timing idealTree:node_modules/media-typer Completed in 0ms
411 timing idealTree:node_modules/unpipe Completed in 0ms
412 timing idealTree:node_modules/utils-merge Completed in 0ms
413 timing idealTree:node_modules/vary Completed in 0ms
414 silly placeDep ROOT tr46@0.0.3 OK for: whatwg-url@5.0.0 want: ~0.0.3
415 silly placeDep ROOT webidl-conversions@3.0.1 OK for: whatwg-url@5.0.0 want: ^3.0.0
416 timing idealTree:node_modules/whatwg-url Completed in 1ms
417 timing idealTree:node_modules/tr46 Completed in 0ms
418 timing idealTree:node_modules/webidl-conversions Completed in 0ms
419 timing idealTree:node_modules/yallist Completed in 0ms
420 silly placeDep node_modules/express raw-body@2.5.1 OK for: body-parser@1.20.1 want: 2.5.1
421 timing idealTree:node_modules/express/node_modules/body-parser Completed in 0ms
422 timing idealTree:node_modules/express/node_modules/raw-body Completed in 0ms
423 timing idealTree:node_modules/follow-redirects/node_modules/debug Completed in 0ms
424 silly placeDep node_modules/https-proxy-agent ms@2.1.3 OK for: debug@3.2.7 want: ^2.1.1
425 timing idealTree:node_modules/https-proxy-agent/node_modules/debug Completed in 0ms
426 timing idealTree:node_modules/https-proxy-agent/node_modules/ms Completed in 0ms
427 timing idealTree:node_modules/send/node_modules/mime Completed in 0ms
428 timing idealTree:node_modules/send/node_modules/ms Completed in 0ms
429 timing idealTree:buildDeps Completed in 6696ms
430 timing idealTree:fixDepFlags Completed in 1ms
431 timing idealTree Completed in 6709ms
432 timing reify:loadTrees Completed in 6710ms
433 timing reify:diffTrees Completed in 1ms
434 silly reify moves {}
435 timing reify:retireShallow Completed in 1ms
436 timing reify:createSparse Completed in 9ms
437 timing reify:trashOmits Completed in 0ms
438 timing reify:loadBundles Completed in 0ms
439 silly tarball no local data for webidl-conversions@https://registry.npmjs.org/webidl-conversions/-/webidl-conversions-3.0.1.tgz. Extracting by manifest.
440 silly tarball no local data for media-typer@https://registry.npmjs.org/media-typer/-/media-typer-0.3.0.tgz. Extracting by manifest.
441 silly tarball no local data for has@https://registry.npmjs.org/has/-/has-1.0.3.tgz. Extracting by manifest.
442 silly tarball no local data for tr46@https://registry.npmjs.org/tr46/-/tr46-0.0.3.tgz. Extracting by manifest.
443 silly tarball no local data for has-symbols@https://registry.npmjs.org/has-symbols/-/has-symbols-1.0.3.tgz. Extracting by manifest.
444 silly tarball no local data for function-bind@https://registry.npmjs.org/function-bind/-/function-bind-1.1.1.tgz. Extracting by manifest.
445 silly tarball no local data for get-intrinsic@https://registry.npmjs.org/get-intrinsic/-/get-intrinsic-1.2.0.tgz. Extracting by manifest.
446 silly tarball no local data for call-bind@https://registry.npmjs.org/call-bind/-/call-bind-1.0.2.tgz. Extracting by manifest.
447 silly tarball no local data for object-inspect@https://registry.npmjs.org/object-inspect/-/object-inspect-1.12.3.tgz. Extracting by manifest.
448 silly tarball no local data for side-channel@https://registry.npmjs.org/side-channel/-/side-channel-1.0.4.tgz. Extracting by manifest.
449 silly tarball no local data for ipaddr.js@https://registry.npmjs.org/ipaddr.js/-/ipaddr.js-1.9.1.tgz. Extracting by manifest.
450 silly tarball no local data for forwarded@https://registry.npmjs.org/forwarded/-/forwarded-0.2.0.tgz. Extracting by manifest.
451 silly tarball no local data for whatwg-url@https://registry.npmjs.org/whatwg-url/-/whatwg-url-5.0.0.tgz. Extracting by manifest.
452 silly tarball no local data for ee-first@https://registry.npmjs.org/ee-first/-/ee-first-1.1.1.tgz. Extracting by manifest.
453 silly tarball no local data for mime-db@https://registry.npmjs.org/mime-db/-/mime-db-1.52.0.tgz. Extracting by manifest.
454 silly tarball no local data for yallist@https://registry.npmjs.org/yallist/-/yallist-2.1.2.tgz. Extracting by manifest.
455 silly tarball no local data for pseudomap@https://registry.npmjs.org/pseudomap/-/pseudomap-1.0.2.tgz. Extracting by manifest.
456 silly tarball no local data for buffer-equal-constant-time@https://registry.npmjs.org/buffer-equal-constant-time/-/buffer-equal-constant-time-1.0.1.tgz. Extracting by manifest.
457 silly tarball no local data for ecdsa-sig-formatter@https://registry.npmjs.org/ecdsa-sig-formatter/-/ecdsa-sig-formatter-1.0.11.tgz. Extracting by manifest.
458 silly tarball no local data for jwa@https://registry.npmjs.org/jwa/-/jwa-1.4.1.tgz. Extracting by manifest.
459 silly tarball no local data for safer-buffer@https://registry.npmjs.org/safer-buffer/-/safer-buffer-2.1.2.tgz. Extracting by manifest.
460 silly tarball no local data for es6-promise@https://registry.npmjs.org/es6-promise/-/es6-promise-4.2.8.tgz. Extracting by manifest.
461 silly tarball no local data for es6-promisify@https://registry.npmjs.org/es6-promisify/-/es6-promisify-5.0.0.tgz. Extracting by manifest.
462 silly tarball no local data for agent-base@https://registry.npmjs.org/agent-base/-/agent-base-4.3.0.tgz. Extracting by manifest.
463 silly tarball no local data for toidentifier@https://registry.npmjs.org/toidentifier/-/toidentifier-1.0.1.tgz. Extracting by manifest.
464 silly tarball no local data for inherits@https://registry.npmjs.org/inherits/-/inherits-2.0.4.tgz. Extracting by manifest.
465 silly tarball no local data for node-forge@https://registry.npmjs.org/node-forge/-/node-forge-0.10.0.tgz. Extracting by manifest.
466 silly tarball no local data for node-fetch@https://registry.npmjs.org/node-fetch/-/node-fetch-2.6.9.tgz. Extracting by manifest.
467 silly tarball no local data for event-target-shim@https://registry.npmjs.org/event-target-shim/-/event-target-shim-5.0.1.tgz. Extracting by manifest.
468 silly tarball no local data for https-proxy-agent@https://registry.npmjs.org/https-proxy-agent/-/https-proxy-agent-2.2.4.tgz. Extracting by manifest.
469 silly tarball no local data for abort-controller@https://registry.npmjs.org/abort-controller/-/abort-controller-3.0.0.tgz. Extracting by manifest.
470 silly tarball no local data for pify@https://registry.npmjs.org/pify/-/pify-4.0.1.tgz. Extracting by manifest.
471 silly tarball no local data for mime@https://registry.npmjs.org/mime/-/mime-2.6.0.tgz. Extracting by manifest.
472 silly tarball no local data for google-p12-pem@https://registry.npmjs.org/google-p12-pem/-/google-p12-pem-1.0.5.tgz. Extracting by manifest.
473 silly tarball no local data for gaxios@https://registry.npmjs.org/gaxios/-/gaxios-1.8.4.tgz. Extracting by manifest.
474 silly tarball no local data for extend@https://registry.npmjs.org/extend/-/extend-3.0.2.tgz. Extracting by manifest.
475 silly tarball no local data for is-buffer@https://registry.npmjs.org/is-buffer/-/is-buffer-2.0.5.tgz. Extracting by manifest.
476 silly tarball no local data for follow-redirects@https://registry.npmjs.org/follow-redirects/-/follow-redirects-1.5.10.tgz. Extracting by manifest.
477 silly tarball no local data for retry-axios@https://registry.npmjs.org/retry-axios/-/retry-axios-0.3.2.tgz. Extracting by manifest.
478 silly tarball no local data for lru-cache@https://registry.npmjs.org/lru-cache/-/lru-cache-4.1.5.tgz. Extracting by manifest.
479 silly tarball no local data for lodash.isstring@https://registry.npmjs.org/lodash.isstring/-/lodash.isstring-4.0.1.tgz. Extracting by manifest.
480 silly tarball no local data for jws@https://registry.npmjs.org/jws/-/jws-3.2.2.tgz. Extracting by manifest.
481 silly tarball no local data for gtoken@https://registry.npmjs.org/gtoken/-/gtoken-2.3.3.tgz. Extracting by manifest.
482 silly tarball no local data for gcp-metadata@https://registry.npmjs.org/gcp-metadata/-/gcp-metadata-0.6.3.tgz. Extracting by manifest.
483 silly tarball no local data for axios@https://registry.npmjs.org/axios/-/axios-0.18.1.tgz. Extracting by manifest.
484 silly tarball no local data for negotiator@https://registry.npmjs.org/negotiator/-/negotiator-0.6.3.tgz. Extracting by manifest.
485 silly tarball no local data for mime-types@https://registry.npmjs.org/mime-types/-/mime-types-2.1.35.tgz. Extracting by manifest.
486 silly tarball no local data for vary@https://registry.npmjs.org/vary/-/vary-1.1.2.tgz. Extracting by manifest.
487 silly tarball no local data for statuses@https://registry.npmjs.org/statuses/-/statuses-2.0.1.tgz. Extracting by manifest.
488 silly tarball no local data for utils-merge@https://registry.npmjs.org/utils-merge/-/utils-merge-1.0.1.tgz. Extracting by manifest.
489 silly tarball no local data for setprototypeof@https://registry.npmjs.org/setprototypeof/-/setprototypeof-1.2.0.tgz. Extracting by manifest.
490 silly tarball no local data for serve-static@https://registry.npmjs.org/serve-static/-/serve-static-1.15.0.tgz. Extracting by manifest.
491 silly tarball no local data for safe-buffer@https://registry.npmjs.org/safe-buffer/-/safe-buffer-5.2.1.tgz. Extracting by manifest.
492 silly tarball no local data for range-parser@https://registry.npmjs.org/range-parser/-/range-parser-1.2.1.tgz. Extracting by manifest.
493 silly tarball no local data for proxy-addr@https://registry.npmjs.org/proxy-addr/-/proxy-addr-2.0.7.tgz. Extracting by manifest.
494 silly tarball no local data for path-to-regexp@https://registry.npmjs.org/path-to-regexp/-/path-to-regexp-0.1.7.tgz. Extracting by manifest.
495 silly tarball no local data for parseurl@https://registry.npmjs.org/parseurl/-/parseurl-1.3.3.tgz. Extracting by manifest.
496 silly tarball no local data for methods@https://registry.npmjs.org/methods/-/methods-1.1.2.tgz. Extracting by manifest.
497 silly tarball no local data for merge-descriptors@https://registry.npmjs.org/merge-descriptors/-/merge-descriptors-1.0.1.tgz. Extracting by manifest.
498 silly tarball no local data for finalhandler@https://registry.npmjs.org/finalhandler/-/finalhandler-1.2.0.tgz. Extracting by manifest.
499 silly tarball no local data for fresh@https://registry.npmjs.org/fresh/-/fresh-0.5.2.tgz. Extracting by manifest.
500 silly tarball no local data for send@https://registry.npmjs.org/send/-/send-0.18.0.tgz. Extracting by manifest.
501 silly tarball no local data for etag@https://registry.npmjs.org/etag/-/etag-1.8.1.tgz. Extracting by manifest.
502 silly tarball no local data for escape-html@https://registry.npmjs.org/escape-html/-/escape-html-1.0.3.tgz. Extracting by manifest.
503 silly tarball no local data for encodeurl@https://registry.npmjs.org/encodeurl/-/encodeurl-1.0.2.tgz. Extracting by manifest.
504 silly tarball no local data for cookie-signature@https://registry.npmjs.org/cookie-signature/-/cookie-signature-1.0.6.tgz. Extracting by manifest.
505 silly tarball no local data for cookie@https://registry.npmjs.org/cookie/-/cookie-0.5.0.tgz. Extracting by manifest.
506 silly tarball no local data for content-disposition@https://registry.npmjs.org/content-disposition/-/content-disposition-0.5.4.tgz. Extracting by manifest.
507 silly tarball no local data for array-flatten@https://registry.npmjs.org/array-flatten/-/array-flatten-1.1.1.tgz. Extracting by manifest.
508 silly tarball no local data for ms@https://registry.npmjs.org/ms/-/ms-2.0.0.tgz. Extracting by manifest.
509 silly tarball no local data for unpipe@https://registry.npmjs.org/unpipe/-/unpipe-1.0.0.tgz. Extracting by manifest.
510 silly tarball no local data for accepts@https://registry.npmjs.org/accepts/-/accepts-1.3.8.tgz. Extracting by manifest.
511 silly tarball no local data for type-is@https://registry.npmjs.org/type-is/-/type-is-1.6.18.tgz. Extracting by manifest.
512 silly tarball no local data for raw-body@https://registry.npmjs.org/raw-body/-/raw-body-2.5.2.tgz. Extracting by manifest.
513 silly tarball no local data for qs@https://registry.npmjs.org/qs/-/qs-6.11.0.tgz. Extracting by manifest.
514 silly tarball no local data for on-finished@https://registry.npmjs.org/on-finished/-/on-finished-2.4.1.tgz. Extracting by manifest.
515 silly tarball no local data for iconv-lite@https://registry.npmjs.org/iconv-lite/-/iconv-lite-0.4.24.tgz. Extracting by manifest.
516 silly tarball no local data for http-errors@https://registry.npmjs.org/http-errors/-/http-errors-2.0.0.tgz. Extracting by manifest.
517 silly tarball no local data for destroy@https://registry.npmjs.org/destroy/-/destroy-1.2.0.tgz. Extracting by manifest.
518 silly tarball no local data for depd@https://registry.npmjs.org/depd/-/depd-2.0.0.tgz. Extracting by manifest.
519 silly tarball no local data for content-type@https://registry.npmjs.org/content-type/-/content-type-1.0.5.tgz. Extracting by manifest.
520 silly tarball no local data for bytes@https://registry.npmjs.org/bytes/-/bytes-3.1.2.tgz. Extracting by manifest.
521 silly tarball no local data for lodash.snakecase@https://registry.npmjs.org/lodash.snakecase/-/lodash.snakecase-4.1.1.tgz. Extracting by manifest.
522 silly tarball no local data for lodash.camelcase@https://registry.npmjs.org/lodash.camelcase/-/lodash.camelcase-4.3.0.tgz. Extracting by manifest.
523 silly tarball no local data for google-auth-library@https://registry.npmjs.org/google-auth-library/-/google-auth-library-1.6.1.tgz. Extracting by manifest.
524 silly tarball no local data for express@https://registry.npmjs.org/express/-/express-4.18.2.tgz. Extracting by manifest.
525 silly tarball no local data for debug@https://registry.npmjs.org/debug/-/debug-2.6.9.tgz. Extracting by manifest.
526 silly tarball no local data for body-parser@https://registry.npmjs.org/body-parser/-/body-parser-1.20.2.tgz. Extracting by manifest.
527 silly tarball no local data for actions-on-google@https://registry.npmjs.org/actions-on-google/-/actions-on-google-1.11.0.tgz. Extracting by manifest.
528 silly tarball no local data for node-red-contrib-google-action@https://registry.npmjs.org/node-red-contrib-google-action/-/node-red-contrib-google-action-1.2.1.tgz. Extracting by manifest.
529 silly tarball no local data for ms@https://registry.npmjs.org/ms/-/ms-2.1.3.tgz. Extracting by manifest.
530 silly tarball no local data for debug@https://registry.npmjs.org/debug/-/debug-3.2.7.tgz. Extracting by manifest.
531 silly tarball no local data for debug@https://registry.npmjs.org/debug/-/debug-3.1.0.tgz. Extracting by manifest.
532 silly tarball no local data for ms@https://registry.npmjs.org/ms/-/ms-2.1.3.tgz. Extracting by manifest.
533 silly tarball no local data for mime@https://registry.npmjs.org/mime/-/mime-1.6.0.tgz. Extracting by manifest.
534 silly tarball no local data for raw-body@https://registry.npmjs.org/raw-body/-/raw-body-2.5.1.tgz. Extracting by manifest.
535 silly tarball no local data for body-parser@https://registry.npmjs.org/body-parser/-/body-parser-1.20.1.tgz. Extracting by manifest.
536 http fetch GET 200 https://registry.npmjs.org/function-bind/-/function-bind-1.1.1.tgz 454ms (cache miss)
537 timing reifyNode:node_modules/function-bind Completed in 503ms
538 http fetch GET 200 https://registry.npmjs.org/media-typer/-/media-typer-0.3.0.tgz 463ms (cache miss)
539 timing reifyNode:node_modules/media-typer Completed in 507ms
540 http fetch GET 200 https://registry.npmjs.org/whatwg-url/-/whatwg-url-5.0.0.tgz 441ms (cache miss)
541 timing reifyNode:node_modules/whatwg-url Completed in 509ms
542 http fetch GET 200 https://registry.npmjs.org/has/-/has-1.0.3.tgz 466ms (cache miss)
543 timing reifyNode:node_modules/has Completed in 512ms
544 http fetch GET 200 https://registry.npmjs.org/forwarded/-/forwarded-0.2.0.tgz 449ms (cache miss)
545 timing reifyNode:node_modules/forwarded Completed in 515ms
546 http fetch GET 200 https://registry.npmjs.org/webidl-conversions/-/webidl-conversions-3.0.1.tgz 475ms (cache miss)
547 timing reifyNode:node_modules/webidl-conversions Completed in 521ms
548 http fetch GET 200 https://registry.npmjs.org/call-bind/-/call-bind-1.0.2.tgz 461ms (cache miss)
549 timing reifyNode:node_modules/call-bind Completed in 517ms
550 http fetch GET 200 https://registry.npmjs.org/es6-promisify/-/es6-promisify-5.0.0.tgz 427ms (cache miss)
551 timing reifyNode:node_modules/es6-promisify Completed in 519ms
552 http fetch GET 200 https://registry.npmjs.org/ee-first/-/ee-first-1.1.1.tgz 455ms (cache miss)
553 timing reifyNode:node_modules/ee-first Completed in 523ms
554 http fetch GET 200 https://registry.npmjs.org/pseudomap/-/pseudomap-1.0.2.tgz 447ms (cache miss)
555 timing reifyNode:node_modules/pseudomap Completed in 525ms
556 http fetch GET 200 https://registry.npmjs.org/ecdsa-sig-formatter/-/ecdsa-sig-formatter-1.0.11.tgz 442ms (cache miss)
557 timing reifyNode:node_modules/ecdsa-sig-formatter Completed in 526ms
558 http fetch GET 200 https://registry.npmjs.org/get-intrinsic/-/get-intrinsic-1.2.0.tgz 478ms (cache miss)
559 timing reifyNode:node_modules/get-intrinsic Completed in 529ms
560 http fetch GET 200 https://registry.npmjs.org/has-symbols/-/has-symbols-1.0.3.tgz 482ms (cache miss)
561 http fetch GET 200 https://registry.npmjs.org/jwa/-/jwa-1.4.1.tgz 448ms (cache miss)
562 timing reifyNode:node_modules/jwa Completed in 533ms
563 http fetch GET 200 https://registry.npmjs.org/toidentifier/-/toidentifier-1.0.1.tgz 426ms (cache miss)
564 timing reifyNode:node_modules/toidentifier Completed in 534ms
565 http fetch GET 200 https://registry.npmjs.org/tr46/-/tr46-0.0.3.tgz 489ms (cache miss)
566 timing reifyNode:node_modules/has-symbols Completed in 537ms
567 http fetch GET 200 https://registry.npmjs.org/yallist/-/yallist-2.1.2.tgz 464ms (cache miss)
568 timing reifyNode:node_modules/yallist Completed in 541ms
569 http fetch GET 200 https://registry.npmjs.org/inherits/-/inherits-2.0.4.tgz 432ms (cache miss)
570 timing reifyNode:node_modules/inherits Completed in 543ms
571 http fetch GET 200 https://registry.npmjs.org/buffer-equal-constant-time/-/buffer-equal-constant-time-1.0.1.tgz 476ms (cache miss)
572 timing reifyNode:node_modules/buffer-equal-constant-time Completed in 555ms
573 http fetch GET 200 https://registry.npmjs.org/safer-buffer/-/safer-buffer-2.1.2.tgz 476ms (cache miss)
574 timing reifyNode:node_modules/safer-buffer Completed in 563ms
575 timing reifyNode:node_modules/tr46 Completed in 569ms
576 http fetch GET 200 https://registry.npmjs.org/side-channel/-/side-channel-1.0.4.tgz 503ms (cache miss)
577 timing reifyNode:node_modules/side-channel Completed in 565ms
578 http fetch GET 200 https://registry.npmjs.org/google-p12-pem/-/google-p12-pem-1.0.5.tgz 440ms (cache miss)
579 http fetch GET 200 https://registry.npmjs.org/ipaddr.js/-/ipaddr.js-1.9.1.tgz 510ms (cache miss)
580 timing reifyNode:node_modules/ipaddr.js Completed in 574ms
581 http fetch GET 200 https://registry.npmjs.org/pify/-/pify-4.0.1.tgz 449ms (cache miss)
582 timing reifyNode:node_modules/pify Completed in 576ms
583 timing reifyNode:node_modules/google-p12-pem Completed in 577ms
584 http fetch GET 200 https://registry.npmjs.org/https-proxy-agent/-/https-proxy-agent-2.2.4.tgz 457ms (cache miss)
585 timing reifyNode:node_modules/https-proxy-agent Completed in 579ms
586 http fetch GET 200 https://registry.npmjs.org/abort-controller/-/abort-controller-3.0.0.tgz 457ms (cache miss)
587 http fetch GET 200 https://registry.npmjs.org/mime-db/-/mime-db-1.52.0.tgz 515ms (cache miss)
588 timing reifyNode:node_modules/mime-db Completed in 585ms
589 timing reifyNode:node_modules/abort-controller Completed in 587ms
590 http fetch GET 200 https://registry.npmjs.org/agent-base/-/agent-base-4.3.0.tgz 483ms (cache miss)
591 timing reifyNode:node_modules/agent-base Completed in 589ms
592 http fetch GET 200 https://registry.npmjs.org/object-inspect/-/object-inspect-1.12.3.tgz 535ms (cache miss)
593 timing reifyNode:node_modules/object-inspect Completed in 594ms
594 http fetch GET 200 https://registry.npmjs.org/es6-promise/-/es6-promise-4.2.8.tgz 505ms (cache miss)
595 timing reifyNode:node_modules/es6-promise Completed in 596ms
596 http fetch GET 200 https://registry.npmjs.org/gtoken/-/gtoken-2.3.3.tgz 790ms (cache miss)
597 timing reifyNode:node_modules/gtoken Completed in 962ms
598 http fetch GET 200 https://registry.npmjs.org/gaxios/-/gaxios-1.8.4.tgz 828ms (cache miss)
599 timing reifyNode:node_modules/gaxios Completed in 963ms
600 http fetch GET 200 https://registry.npmjs.org/lodash.isstring/-/lodash.isstring-4.0.1.tgz 809ms (cache miss)
601 timing reifyNode:node_modules/lodash.isstring Completed in 978ms
602 http fetch GET 200 https://registry.npmjs.org/mime-types/-/mime-types-2.1.35.tgz 841ms (cache miss)
603 timing reifyNode:node_modules/mime-types Completed in 1016ms
604 http fetch GET 200 https://registry.npmjs.org/negotiator/-/negotiator-0.6.3.tgz 848ms (cache miss)
605 timing reifyNode:node_modules/negotiator Completed in 1022ms
606 http fetch GET 200 https://registry.npmjs.org/gcp-metadata/-/gcp-metadata-0.6.3.tgz 851ms (cache miss)
607 timing reifyNode:node_modules/gcp-metadata Completed in 1024ms
608 http fetch GET 200 https://registry.npmjs.org/vary/-/vary-1.1.2.tgz 849ms (cache miss)
609 timing reifyNode:node_modules/vary Completed in 1026ms
610 http fetch GET 200 https://registry.npmjs.org/axios/-/axios-0.18.1.tgz 860ms (cache miss)
611 warn deprecated axios@0.18.1: Critical security vulnerability fixed in v0.21.1. For more information, see https://github.com/axios/axios/pull/3410
612 timing reifyNode:node_modules/axios Completed in 1033ms
613 http fetch GET 200 https://registry.npmjs.org/utils-merge/-/utils-merge-1.0.1.tgz 857ms (cache miss)
614 timing reifyNode:node_modules/utils-merge Completed in 1043ms
615 http fetch GET 200 https://registry.npmjs.org/statuses/-/statuses-2.0.1.tgz 865ms (cache miss)
616 timing reifyNode:node_modules/statuses Completed in 1048ms
617 http fetch GET 200 https://registry.npmjs.org/setprototypeof/-/setprototypeof-1.2.0.tgz 883ms (cache miss)
618 timing reifyNode:node_modules/setprototypeof Completed in 1072ms
619 http fetch GET 200 https://registry.npmjs.org/safe-buffer/-/safe-buffer-5.2.1.tgz 882ms (cache miss)
620 timing reifyNode:node_modules/safe-buffer Completed in 1073ms
621 http fetch GET 200 https://registry.npmjs.org/range-parser/-/range-parser-1.2.1.tgz 884ms (cache miss)
622 timing reifyNode:node_modules/range-parser Completed in 1077ms
623 http fetch GET 200 https://registry.npmjs.org/proxy-addr/-/proxy-addr-2.0.7.tgz 894ms (cache miss)
624 timing reifyNode:node_modules/proxy-addr Completed in 1089ms
625 http fetch GET 200 https://registry.npmjs.org/jws/-/jws-3.2.2.tgz 926ms (cache miss)
626 timing reifyNode:node_modules/jws Completed in 1097ms
627 http fetch GET 200 https://registry.npmjs.org/serve-static/-/serve-static-1.15.0.tgz 907ms (cache miss)
628 timing reifyNode:node_modules/serve-static Completed in 1097ms
629 http fetch GET 200 https://registry.npmjs.org/parseurl/-/parseurl-1.3.3.tgz 908ms (cache miss)
630 timing reifyNode:node_modules/parseurl Completed in 1109ms
631 http fetch GET 200 https://registry.npmjs.org/path-to-regexp/-/path-to-regexp-0.1.7.tgz 921ms (cache miss)
632 timing reifyNode:node_modules/path-to-regexp Completed in 1118ms
633 http fetch GET 200 https://registry.npmjs.org/methods/-/methods-1.1.2.tgz 920ms (cache miss)
634 timing reifyNode:node_modules/methods Completed in 1122ms
635 http fetch GET 200 https://registry.npmjs.org/merge-descriptors/-/merge-descriptors-1.0.1.tgz 922ms (cache miss)
636 timing reifyNode:node_modules/merge-descriptors Completed in 1126ms
637 http fetch GET 200 https://registry.npmjs.org/finalhandler/-/finalhandler-1.2.0.tgz 947ms (cache miss)
638 timing reifyNode:node_modules/finalhandler Completed in 1154ms
639 http fetch GET 200 https://registry.npmjs.org/fresh/-/fresh-0.5.2.tgz 946ms (cache miss)
640 timing reifyNode:node_modules/fresh Completed in 1156ms
641 http fetch GET 200 https://registry.npmjs.org/encodeurl/-/encodeurl-1.0.2.tgz 961ms (cache miss)
642 timing reifyNode:node_modules/encodeurl Completed in 1176ms
643 http fetch GET 200 https://registry.npmjs.org/node-fetch/-/node-fetch-2.6.9.tgz 1071ms (cache miss)
644 timing reifyNode:node_modules/node-fetch Completed in 1190ms
645 http fetch GET 200 https://registry.npmjs.org/etag/-/etag-1.8.1.tgz 987ms (cache miss)
646 timing reifyNode:node_modules/etag Completed in 1200ms
647 http fetch GET 200 https://registry.npmjs.org/cookie-signature/-/cookie-signature-1.0.6.tgz 1005ms (cache miss)
648 timing reifyNode:node_modules/cookie-signature Completed in 1225ms
649 http fetch GET 200 https://registry.npmjs.org/send/-/send-0.18.0.tgz 1018ms (cache miss)
650 timing reifyNode:node_modules/send Completed in 1229ms
651 http fetch GET 200 https://registry.npmjs.org/follow-redirects/-/follow-redirects-1.5.10.tgz 1088ms (cache miss)
652 timing reifyNode:node_modules/follow-redirects Completed in 1234ms
653 http fetch GET 200 https://registry.npmjs.org/lru-cache/-/lru-cache-4.1.5.tgz 1084ms (cache miss)
654 timing reifyNode:node_modules/lru-cache Completed in 1236ms
655 http fetch GET 200 https://registry.npmjs.org/retry-axios/-/retry-axios-0.3.2.tgz 1089ms (cache miss)
656 timing reifyNode:node_modules/retry-axios Completed in 1237ms
657 http fetch GET 200 https://registry.npmjs.org/content-disposition/-/content-disposition-0.5.4.tgz 1016ms (cache miss)
658 timing reifyNode:node_modules/content-disposition Completed in 1239ms
659 http fetch GET 200 https://registry.npmjs.org/escape-html/-/escape-html-1.0.3.tgz 1027ms (cache miss)
660 timing reifyNode:node_modules/escape-html Completed in 1241ms
661 http fetch GET 200 https://registry.npmjs.org/array-flatten/-/array-flatten-1.1.1.tgz 1013ms (cache miss)
662 timing reifyNode:node_modules/array-flatten Completed in 1242ms
663 http fetch GET 200 https://registry.npmjs.org/qs/-/qs-6.11.0.tgz 1191ms (cache miss)
664 timing reifyNode:node_modules/qs Completed in 1442ms
665 http fetch GET 200 https://registry.npmjs.org/extend/-/extend-3.0.2.tgz 1313ms (cache miss)
666 timing reifyNode:node_modules/extend Completed in 1454ms
667 http fetch GET 200 https://registry.npmjs.org/on-finished/-/on-finished-2.4.1.tgz 1208ms (cache miss)
668 timing reifyNode:node_modules/on-finished Completed in 1455ms
669 http fetch GET 200 https://registry.npmjs.org/http-errors/-/http-errors-2.0.0.tgz 1204ms (cache miss)
670 timing reifyNode:node_modules/http-errors Completed in 1461ms
671 http fetch GET 200 https://registry.npmjs.org/cookie/-/cookie-0.5.0.tgz 1244ms (cache miss)
672 timing reifyNode:node_modules/cookie Completed in 1467ms
673 http fetch GET 200 https://registry.npmjs.org/mime/-/mime-2.6.0.tgz 1342ms (cache miss)
674 timing reifyNode:node_modules/mime Completed in 1473ms
675 http fetch GET 200 https://registry.npmjs.org/event-target-shim/-/event-target-shim-5.0.1.tgz 1363ms (cache miss)
676 timing reifyNode:node_modules/event-target-shim Completed in 1483ms
677 http fetch GET 200 https://registry.npmjs.org/destroy/-/destroy-1.2.0.tgz 1226ms (cache miss)
678 timing reifyNode:node_modules/destroy Completed in 1484ms
679 http fetch GET 200 https://registry.npmjs.org/depd/-/depd-2.0.0.tgz 1226ms (cache miss)
680 timing reifyNode:node_modules/depd Completed in 1487ms
681 http fetch GET 200 https://registry.npmjs.org/lodash.snakecase/-/lodash.snakecase-4.1.1.tgz 1268ms (cache miss)
682 timing reifyNode:node_modules/lodash.snakecase Completed in 1538ms
683 http fetch GET 200 https://registry.npmjs.org/bytes/-/bytes-3.1.2.tgz 1273ms (cache miss)
684 timing reifyNode:node_modules/bytes Completed in 1540ms
685 http fetch GET 200 https://registry.npmjs.org/content-type/-/content-type-1.0.5.tgz 1281ms (cache miss)
686 timing reifyNode:node_modules/content-type Completed in 1543ms
687 http fetch GET 200 https://registry.npmjs.org/ms/-/ms-2.0.0.tgz 1315ms (cache miss)
688 timing reifyNode:node_modules/ms Completed in 1545ms
689 http fetch GET 200 https://registry.npmjs.org/lodash.camelcase/-/lodash.camelcase-4.3.0.tgz 1277ms (cache miss)
690 timing reifyNode:node_modules/lodash.camelcase Completed in 1547ms
691 http fetch GET 200 https://registry.npmjs.org/body-parser/-/body-parser-1.20.2.tgz 1258ms (cache miss)
692 http fetch GET 200 https://registry.npmjs.org/accepts/-/accepts-1.3.8.tgz 1338ms (cache miss)
693 timing reifyNode:node_modules/accepts Completed in 1571ms
694 timing reifyNode:node_modules/body-parser Completed in 1575ms
695 http fetch GET 200 https://registry.npmjs.org/debug/-/debug-2.6.9.tgz 1272ms (cache miss)
696 timing reifyNode:node_modules/debug Completed in 1580ms
697 http fetch GET 200 https://registry.npmjs.org/iconv-lite/-/iconv-lite-0.4.24.tgz 1328ms (cache miss)
698 timing reifyNode:node_modules/iconv-lite Completed in 1583ms
699 http fetch GET 200 https://registry.npmjs.org/type-is/-/type-is-1.6.18.tgz 1353ms (cache miss)
700 timing reifyNode:node_modules/type-is Completed in 1587ms
701 http fetch GET 200 https://registry.npmjs.org/express/-/express-4.18.2.tgz 1288ms (cache miss)
702 http fetch GET 200 https://registry.npmjs.org/debug/-/debug-3.2.7.tgz 1279ms (cache miss)
703 timing reifyNode:node_modules/https-proxy-agent/node_modules/debug Completed in 1594ms
704 timing reifyNode:node_modules/express Completed in 1593ms
705 http fetch GET 200 https://registry.npmjs.org/debug/-/debug-3.1.0.tgz 1280ms (cache miss)
706 http fetch GET 200 https://registry.npmjs.org/raw-body/-/raw-body-2.5.1.tgz 1270ms (cache miss)
707 timing reifyNode:node_modules/express/node_modules/raw-body Completed in 1599ms
708 http fetch GET 200 https://registry.npmjs.org/ms/-/ms-2.1.3.tgz 1289ms (cache miss)
709 timing reifyNode:node_modules/send/node_modules/ms Completed in 1610ms
710 timing reifyNode:node_modules/follow-redirects/node_modules/debug Completed in 1611ms
711 http fetch GET 200 https://registry.npmjs.org/ms/-/ms-2.1.3.tgz 1306ms (cache miss)
712 timing reifyNode:node_modules/https-proxy-agent/node_modules/ms Completed in 1619ms
713 http fetch GET 200 https://registry.npmjs.org/mime/-/mime-1.6.0.tgz 1296ms (cache miss)
714 timing reifyNode:node_modules/send/node_modules/mime Completed in 1619ms
715 http fetch GET 200 https://registry.npmjs.org/body-parser/-/body-parser-1.20.1.tgz 1294ms (cache miss)
716 timing reifyNode:node_modules/express/node_modules/body-parser Completed in 1624ms
717 http fetch GET 200 https://registry.npmjs.org/google-auth-library/-/google-auth-library-1.6.1.tgz 1355ms (cache miss)
718 timing reifyNode:node_modules/google-auth-library Completed in 1629ms
719 http fetch GET 200 https://registry.npmjs.org/unpipe/-/unpipe-1.0.0.tgz 1400ms (cache miss)
720 timing reifyNode:node_modules/unpipe Completed in 1632ms
721 http fetch GET 200 https://registry.npmjs.org/raw-body/-/raw-body-2.5.2.tgz 1434ms (cache miss)
722 timing reifyNode:node_modules/raw-body Completed in 1678ms
723 http fetch GET 200 https://registry.npmjs.org/node-forge/-/node-forge-0.10.0.tgz 1722ms (cache miss)
724 timing reifyNode:node_modules/node-forge Completed in 1835ms
725 http fetch GET 200 https://registry.npmjs.org/is-buffer/-/is-buffer-2.0.5.tgz 1970ms (cache miss)
726 timing reifyNode:node_modules/is-buffer Completed in 2113ms
727 http fetch GET 200 https://registry.npmjs.org/node-red-contrib-google-action/-/node-red-contrib-google-action-1.2.1.tgz 1938ms (cache miss)
728 timing reifyNode:node_modules/node-red-contrib-google-action Completed in 2245ms
729 http fetch GET 200 https://registry.npmjs.org/actions-on-google/-/actions-on-google-1.11.0.tgz 2401ms (cache miss)
730 timing reifyNode:node_modules/actions-on-google Completed in 2710ms
731 timing reify:unpack Completed in 2716ms
732 timing reify:unretire Completed in 1ms
733 timing build:queue Completed in 4ms
734 timing build:link:node_modules/google-p12-pem Completed in 2ms
735 timing build:link:node_modules/send/node_modules/mime Completed in 2ms
736 timing build:link:node_modules/mime Completed in 2ms
737 timing build:link Completed in 2ms
738 timing build:deps Completed in 6ms
739 timing build Completed in 7ms
740 timing reify:build Completed in 7ms
741 timing reify:trash Completed in 0ms
742 timing reify:save Completed in 24ms
743 timing reify Completed in 9481ms
744 silly ADD node_modules/webidl-conversions
745 silly ADD node_modules/tr46
746 silly ADD node_modules/media-typer
747 silly ADD node_modules/has-symbols
748 silly ADD node_modules/has
749 silly ADD node_modules/function-bind
750 silly ADD node_modules/object-inspect
751 silly ADD node_modules/get-intrinsic
752 silly ADD node_modules/call-bind
753 silly ADD node_modules/side-channel
754 silly ADD node_modules/ipaddr.js
755 silly ADD node_modules/forwarded
756 silly ADD node_modules/ee-first
757 silly ADD node_modules/whatwg-url
758 silly ADD node_modules/mime-db
759 silly ADD node_modules/yallist
760 silly ADD node_modules/pseudomap
761 silly ADD node_modules/ecdsa-sig-formatter
762 silly ADD node_modules/buffer-equal-constant-time
763 silly ADD node_modules/jwa
764 silly ADD node_modules/safer-buffer
765 silly ADD node_modules/es6-promise
766 silly ADD node_modules/es6-promisify
767 silly ADD node_modules/agent-base
768 silly ADD node_modules/toidentifier
769 silly ADD node_modules/inherits
770 silly ADD node_modules/node-forge
771 silly ADD node_modules/event-target-shim
772 silly ADD node_modules/node-fetch
773 silly ADD node_modules/https-proxy-agent
774 silly ADD node_modules/https-proxy-agent/node_modules/ms
775 silly ADD node_modules/https-proxy-agent/node_modules/debug
776 silly ADD node_modules/abort-controller
777 silly ADD node_modules/pify
778 silly ADD node_modules/mime
779 silly ADD node_modules/google-p12-pem
780 silly ADD node_modules/gaxios
781 silly ADD node_modules/extend
782 silly ADD node_modules/is-buffer
783 silly ADD node_modules/follow-redirects
784 silly ADD node_modules/follow-redirects/node_modules/debug
785 silly ADD node_modules/retry-axios
786 silly ADD node_modules/lru-cache
787 silly ADD node_modules/lodash.isstring
788 silly ADD node_modules/jws
789 silly ADD node_modules/gtoken
790 silly ADD node_modules/gcp-metadata
791 silly ADD node_modules/axios
792 silly ADD node_modules/negotiator
793 silly ADD node_modules/mime-types
794 silly ADD node_modules/vary
795 silly ADD node_modules/utils-merge
796 silly ADD node_modules/statuses
797 silly ADD node_modules/setprototypeof
798 silly ADD node_modules/serve-static
799 silly ADD node_modules/send
800 silly ADD node_modules/send/node_modules/ms
801 silly ADD node_modules/send/node_modules/mime
802 silly ADD node_modules/safe-buffer
803 silly ADD node_modules/range-parser
804 silly ADD node_modules/proxy-addr
805 silly ADD node_modules/path-to-regexp
806 silly ADD node_modules/parseurl
807 silly ADD node_modules/methods
808 silly ADD node_modules/merge-descriptors
809 silly ADD node_modules/fresh
810 silly ADD node_modules/finalhandler
811 silly ADD node_modules/etag
812 silly ADD node_modules/escape-html
813 silly ADD node_modules/encodeurl
814 silly ADD node_modules/cookie-signature
815 silly ADD node_modules/cookie
816 silly ADD node_modules/content-disposition
817 silly ADD node_modules/array-flatten
818 silly ADD node_modules/accepts
819 silly ADD node_modules/ms
820 silly ADD node_modules/unpipe
821 silly ADD node_modules/type-is
822 silly ADD node_modules/raw-body
823 silly ADD node_modules/qs
824 silly ADD node_modules/on-finished
825 silly ADD node_modules/iconv-lite
826 silly ADD node_modules/http-errors
827 silly ADD node_modules/destroy
828 silly ADD node_modules/depd
829 silly ADD node_modules/content-type
830 silly ADD node_modules/bytes
831 silly ADD node_modules/lodash.snakecase
832 silly ADD node_modules/lodash.camelcase
833 silly ADD node_modules/google-auth-library
834 silly ADD node_modules/debug
835 silly ADD node_modules/express
836 silly ADD node_modules/express/node_modules/raw-body
837 silly ADD node_modules/express/node_modules/body-parser
838 silly ADD node_modules/body-parser
839 silly ADD node_modules/actions-on-google
840 silly ADD node_modules/node-red-contrib-google-action
841 timing command:install Completed in 9485ms
842 verbose exit 0
843 timing npm Completed in 9572ms
844 info ok
